<?xml version="1.0" encoding="UTF-8"?>
<testsuite name="net.tht.test.api.AnimalApiTest" tests="1" skipped="0" failures="0" errors="0" timestamp="2020-01-05T14:38:26" hostname="MacBook-Pro-cua-NGUYEN.local" time="0.023">
  <properties/>
  <testcase name="getFlyingAnimalCount()" classname="net.tht.test.api.AnimalApiTest" time="0.023"/>
  <system-out><![CDATA[]]></system-out>
  <system-err><![CDATA[]]></system-err>
</testsuite>
